Build started 08/03/2019 04:50:57.
     1>Project "C:\Users\coolie\source\MPEGAudioParse\MPEGParser\MPEGAudioParse\MPEGAudioParse.vcxproj" on node 2 (Build target(s)).
     1>InitializeBuildStatus:
         Creating "x64\Release\MPEGAudioParse.tlog\unsuccessfulbuild" because "AlwaysCreate" was specified.
       ClCompile:
         All outputs are up-to-date.
         C:\Program Files (x86)\Microsoft Visual Studio\2017\Community\VC\Tools\MSVC\14.16.27023\bin\HostX86\x64\CL.exe /c /Zi /nologo /W3 /WX- /diagnostics:classic /sdl /O2 /Ob1 /Oi /GL /D _MBCS /Gm- /EHsc /MD /GS /Gy /fp:precise /permissive- /Zc:wchar_t /Zc:forScope /Zc:inline /std:c++latest /Fo"x64\Release\\" /Fd"x64\Release\vc141.pdb" /Gd /TP /FC /errorReport:prompt mpeg_audio_test.cpp
         mpeg_audio_test.cpp
       Link:
         C:\Program Files (x86)\Microsoft Visual Studio\2017\Community\VC\Tools\MSVC\14.16.27023\bin\HostX86\x64\link.exe /ERRORREPORT:PROMPT /OUT:"C:\Users\coolie\source\MPEGAudioParse\MPEGParser\MPEGAudioParse\x64\Release\MPEGAudioParse.exe" /NOLOGO kernel32.lib user32.lib gdi32.lib winspool.lib comdlg32.lib advapi32.lib shell32.lib ole32.lib oleaut32.lib uuid.lib odbc32.lib odbccp32.lib /MANIFEST /MANIFESTUAC:"level='asInvoker' uiAccess='false'" /manifest:embed /DEBUG:FULL /PDB:"C:\Users\coolie\source\MPEGAudioParse\MPEGParser\MPEGAudioParse\x64\Release\MPEGAudioParse.pdb" /SUBSYSTEM:CONSOLE /OPT:REF /OPT:ICF /LTCG:incremental /TLBID:1 /DYNAMICBASE /NXCOMPAT /IMPLIB:"C:\Users\coolie\source\MPEGAudioParse\MPEGParser\MPEGAudioParse\x64\Release\MPEGAudioParse.lib" /MACHINE:X64 x64\Release\mpeg_audio_test.obj
         Generating code
         5 of 383 functions ( 1.3%) were compiled, the rest were copied from previous compilation.
           0 functions were new in current compilation
           0 functions had inline decision re-evaluated but remain unchanged
         Finished generating code
         MPEGAudioParse.vcxproj -> C:\Users\coolie\source\MPEGAudioParse\MPEGParser\MPEGAudioParse\x64\Release\MPEGAudioParse.exe
       FinalizeBuildStatus:
         Deleting file "x64\Release\MPEGAudioParse.tlog\unsuccessfulbuild".
         Touching "x64\Release\MPEGAudioParse.tlog\MPEGAudioParse.lastbuildstate".
     1>Done Building Project "C:\Users\coolie\source\MPEGAudioParse\MPEGParser\MPEGAudioParse\MPEGAudioParse.vcxproj" (Build target(s)).

Build succeeded.
    0 Warning(s)
    0 Error(s)

Time Elapsed 00:00:01.63
